<?xml version="1.0" encoding="UTF-8"?>
<!-- Generated by org.testng.reporters.JUnitReportReporter -->
<testsuite hostname="DESKTOP-QPT45PR" failures="0" tests="6" name="org.testNG.TestBallUtility" time="0.026" errors="0" timestamp="2023-01-10T12:05:37 CST" skipped="0">
  <testcase classname="org.testNG.TestBallUtility" name="testGetHeaviestWithMultipleWeight" time="0.002"/>
  <system-out/>
  <testcase classname="org.testNG.TestBallUtility" name="testGetHeaviestWithNull" time="0.002"/>
  <system-out/>
  <testcase classname="org.testNG.TestBallUtility" name="testGetHeaviestWithOneWeight" time="0.001"/>
  <system-out/>
  <testcase classname="org.testNG.TestBallUtility" name="testGetHeaviestWithTwoWeight" time="0.002"/>
  <system-out/>
  <testcase classname="org.testNG.TestBallUtility" name="testGetHeaviestWithoneTwoWeight" time="0.003"/>
  <system-out/>
  <testcase classname="org.testNG.TestBallUtility" name="testGetHeaviestWithEmptyArray" time="0.016"/>
  <system-out/>
</testsuite> <!-- org.testNG.TestBallUtility -->
