<?xml version="1.0" encoding="UTF-8"?>
<!-- Generated by org.testng.reporters.JUnitReportReporter -->
<testsuite hostname="DESKTOP-QPT45PR" failures="0" tests="1" name="org.testNG.TestBallUtility" time="0.020" errors="0" timestamp="2023-01-09T13:09:52 CST" skipped="0">
  <testcase classname="org.testNG.TestBallUtility" name="testGetHeaviestWithoneTwoWeight" time="0.020"/>
  <system-out/>
</testsuite> <!-- org.testNG.TestBallUtility -->
